[01-Sep-2025 14:40:43 Europe/Berlin] PHP Parse error:  Unclosed '{' on line 20 in /home/webpages/lima-city/ggruen71/html/api/change.php on line 211
[01-Sep-2025 14:49:05 Europe/Berlin] PHP Parse error:  Unclosed '{' on line 20 in /home/webpages/lima-city/ggruen71/html/api/change.php on line 211
[01-Sep-2025 14:49:21 Europe/Berlin] PHP Parse error:  Unclosed '{' on line 20 in /home/webpages/lima-city/ggruen71/html/api/change.php on line 211
[01-Sep-2025 14:51:44 Europe/Berlin] PHP Fatal error:  Cannot use try without catch or finally in /home/webpages/lima-city/ggruen71/html/api/change.php on line 29
[01-Sep-2025 16:00:28 Europe/Berlin] PHP Fatal error:  Cannot use try without catch or finally in /home/webpages/lima-city/ggruen71/html/api/change.php on line 29
[02-Sep-2025 18:55:51 Europe/Berlin] SQL Override: 
                SELECT user_ID AS id,
                       CONCAT(vorname, ' ', nachname, ' (', email, ')') AS label
                FROM users
                WHERE kundenID = {KUNDEN_ID}
                ORDER BY nachname, vorname
            
[02-Sep-2025 18:55:51 Europe/Berlin] SQL Override: 
                SELECT user_ID AS id,
                       CONCAT(vorname, ' ', nachname, ' (', email, ')') AS label
                FROM users
                WHERE kundenID = {KUNDEN_ID}
                ORDER BY nachname, vorname
            
[02-Sep-2025 18:55:52 Europe/Berlin] SQL Override: 
                SELECT user_ID AS id,
                       CONCAT(vorname, ' ', nachname, ' (', email, ')') AS label
                FROM users
                WHERE kundenID = {KUNDEN_ID}
                ORDER BY nachname, vorname
            
[02-Sep-2025 18:55:52 Europe/Berlin] SQL Override: 
                SELECT user_ID AS id,
                       CONCAT(vorname, ' ', nachname, ' (', email, ')') AS label
                FROM users
                WHERE kundenID = {KUNDEN_ID}
                ORDER BY nachname, vorname
            
[02-Sep-2025 18:57:25 Europe/Berlin] PHP Fatal error:  Uncaught Error: Undefined constant "console" in /home/webpages/lima-city/ggruen71/html/api/get_schema.php:117
Stack trace:
#0 /home/webpages/lima-city/ggruen71/html/api/get_schema.php(153): getSchema('customers', Object(PDO))
#1 {main}
  thrown in /home/webpages/lima-city/ggruen71/html/api/get_schema.php on line 117
[02-Sep-2025 18:57:43 Europe/Berlin] SQL Override: 
                SELECT user_ID AS id,
                       CONCAT(vorname, ' ', nachname, ' (', email, ')') AS label
                FROM users
                WHERE kundenID = {KUNDEN_ID}
                ORDER BY nachname, vorname
            
[02-Sep-2025 18:57:43 Europe/Berlin] SQL Override: 
                SELECT user_ID AS id,
                       CONCAT(vorname, ' ', nachname, ' (', email, ')') AS label
                FROM users
                WHERE kundenID = {KUNDEN_ID}
                ORDER BY nachname, vorname
            
[02-Sep-2025 18:57:44 Europe/Berlin] SQL Override: 
                SELECT user_ID AS id,
                       CONCAT(vorname, ' ', nachname, ' (', email, ')') AS label
                FROM users
                WHERE kundenID = {KUNDEN_ID}
                ORDER BY nachname, vorname
            
[02-Sep-2025 18:57:44 Europe/Berlin] SQL Override: 
                SELECT user_ID AS id,
                       CONCAT(vorname, ' ', nachname, ' (', email, ')') AS label
                FROM users
                WHERE kundenID = {KUNDEN_ID}
                ORDER BY nachname, vorname
            
[03-Sep-2025 16:04:36 Europe/Berlin] SQL Override: 
                SELECT user_ID AS id,
                       CONCAT(vorname, ' ', nachname, ' (', email, ')') AS label
                FROM users
                WHERE kundenID = {KUNDEN_ID}
                ORDER BY nachname, vorname
            
[03-Sep-2025 16:04:36 Europe/Berlin] SQL Override: 
                SELECT user_ID AS id,
                       CONCAT(vorname, ' ', nachname, ' (', email, ')') AS label
                FROM users
                WHERE kundenID = {KUNDEN_ID}
                ORDER BY nachname, vorname
            
[03-Sep-2025 16:04:36 Europe/Berlin] SQL Override: 
                SELECT user_ID AS id,
                       CONCAT(vorname, ' ', nachname, ' (', email, ')') AS label
                FROM users
                WHERE kundenID = {KUNDEN_ID}
                ORDER BY nachname, vorname
            
[03-Sep-2025 16:04:36 Europe/Berlin] SQL Override: 
                SELECT user_ID AS id,
                       CONCAT(vorname, ' ', nachname, ' (', email, ')') AS label
                FROM users
                WHERE kundenID = {KUNDEN_ID}
                ORDER BY nachname, vorname
            
[03-Sep-2025 16:05:26 Europe/Berlin] SQL Override: 
                SELECT user_ID AS id,
                       CONCAT(vorname, ' ', nachname, ' (', email, ')') AS label
                FROM users
                WHERE kundenID = {KUNDEN_ID}
                ORDER BY nachname, vorname
            
[03-Sep-2025 16:05:26 Europe/Berlin] SQL Override: 
                SELECT user_ID AS id,
                       CONCAT(vorname, ' ', nachname, ' (', email, ')') AS label
                FROM users
                WHERE kundenID = {KUNDEN_ID}
                ORDER BY nachname, vorname
            
[03-Sep-2025 16:08:51 Europe/Berlin] SQL Override: 
                SELECT user_ID AS id,
                       CONCAT(vorname, ' ', nachname, ' (', email, ')') AS label
                FROM users
                WHERE kunden_ID = {KUNDEN_ID}
                ORDER BY nachname, vorname
            
[03-Sep-2025 16:08:51 Europe/Berlin] SQL Override: 
                SELECT user_ID AS id,
                       CONCAT(vorname, ' ', nachname, ' (', email, ')') AS label
                FROM users
                WHERE kunden_ID = {KUNDEN_ID}
                ORDER BY nachname, vorname
            
[03-Sep-2025 16:09:58 Europe/Berlin] SQL Override: 
                SELECT user_ID AS id,
                       CONCAT(vorname, ' ', nachname, ' (', email, ')') AS label
                FROM users
                WHERE kunden_ID = {KUNDEN_ID}
                ORDER BY nachname, vorname
            
[03-Sep-2025 16:09:58 Europe/Berlin] SQL Override: 
                SELECT user_ID AS id,
                       CONCAT(vorname, ' ', nachname, ' (', email, ')') AS label
                FROM users
                WHERE kunden_ID = {KUNDEN_ID}
                ORDER BY nachname, vorname
            
[03-Sep-2025 16:11:15 Europe/Berlin] SQL Override: 
                SELECT user_ID AS id,
                       CONCAT(vorname, ' ', nachname, ' (', email, ')') AS label
                FROM users
                WHERE kunden_ID = {KUNDEN_ID}
                ORDER BY nachname, vorname
            
[03-Sep-2025 16:11:15 Europe/Berlin] SQL Override: 
                SELECT user_ID AS id,
                       CONCAT(vorname, ' ', nachname, ' (', email, ')') AS label
                FROM users
                WHERE kunden_ID = {KUNDEN_ID}
                ORDER BY nachname, vorname
            
[03-Sep-2025 16:12:07 Europe/Berlin] SQL Override: 
                SELECT user_ID AS id,
                       CONCAT(vorname, ' ', nachname, ' (', email, ')') AS label
                FROM users
                WHERE kunden_ID = {KUNDEN_ID}
                ORDER BY nachname, vorname
            
[03-Sep-2025 16:12:07 Europe/Berlin] SQL Override: 
                SELECT user_ID AS id,
                       CONCAT(vorname, ' ', nachname, ' (', email, ')') AS label
                FROM users
                WHERE kunden_ID = {KUNDEN_ID}
                ORDER BY nachname, vorname
            
[03-Sep-2025 16:12:38 Europe/Berlin] SQL Override: 
                SELECT user_ID AS id,
                       CONCAT(vorname, ' ', nachname, ' (', email, ')') AS label
                FROM users
                WHERE kunden_ID = {KUNDEN_ID}
                ORDER BY nachname, vorname
            
[03-Sep-2025 16:12:38 Europe/Berlin] SQL Override: 
                SELECT user_ID AS id,
                       CONCAT(vorname, ' ', nachname, ' (', email, ')') AS label
                FROM users
                WHERE kunden_ID = {KUNDEN_ID}
                ORDER BY nachname, vorname
            
[03-Sep-2025 16:12:57 Europe/Berlin] SQL Override: 
                SELECT user_ID AS id,
                       CONCAT(vorname, ' ', nachname, ' (', email, ')') AS label
                FROM users
                WHERE kunden_ID = {KUNDEN_ID}
                ORDER BY nachname, vorname
            
[03-Sep-2025 16:12:57 Europe/Berlin] SQL Override: 
                SELECT user_ID AS id,
                       CONCAT(vorname, ' ', nachname, ' (', email, ')') AS label
                FROM users
                WHERE kunden_ID = {KUNDEN_ID}
                ORDER BY nachname, vorname
            
[03-Sep-2025 16:13:02 Europe/Berlin] SQL Override: 
                SELECT user_ID AS id,
                       CONCAT(vorname, ' ', nachname, ' (', email, ')') AS label
                FROM users
                WHERE kunden_ID = {KUNDEN_ID}
                ORDER BY nachname, vorname
            
[03-Sep-2025 16:13:02 Europe/Berlin] SQL Override: 
                SELECT user_ID AS id,
                       CONCAT(vorname, ' ', nachname, ' (', email, ')') AS label
                FROM users
                WHERE kunden_ID = {KUNDEN_ID}
                ORDER BY nachname, vorname
            
[03-Sep-2025 16:13:27 Europe/Berlin] SQL Override: 
                SELECT user_ID AS id,
                       CONCAT(vorname, ' ', nachname, ' (', email, ')') AS label
                FROM users
                WHERE kunden_ID = {KUNDEN_ID}
                ORDER BY nachname, vorname
            
[03-Sep-2025 16:13:27 Europe/Berlin] SQL Override: 
                SELECT user_ID AS id,
                       CONCAT(vorname, ' ', nachname, ' (', email, ')') AS label
                FROM users
                WHERE kunden_ID = {KUNDEN_ID}
                ORDER BY nachname, vorname
            
[03-Sep-2025 16:21:07 Europe/Berlin] SQL Override: 
            SELECT user_ID AS id,
                   CONCAT(vorname, ' ', nachname, ' (', email, ')') AS label
            FROM users
            WHERE customer_ID = {CUSTOMER_ID}
            ORDER BY nachname, vorname
        
[03-Sep-2025 16:21:07 Europe/Berlin] SQL Override: 
            SELECT user_ID AS id,
                   CONCAT(vorname, ' ', nachname, ' (', email, ')') AS label
            FROM users
            WHERE customer_ID = {CUSTOMER_ID}
            ORDER BY nachname, vorname
        
[03-Sep-2025 16:21:23 Europe/Berlin] SQL Override: 
            SELECT user_ID AS id,
                   CONCAT(vorname, ' ', nachname, ' (', email, ')') AS label
            FROM users
            WHERE customer_ID = {CUSTOMER_ID}
            ORDER BY nachname, vorname
        
[03-Sep-2025 16:21:23 Europe/Berlin] SQL Override: 
            SELECT user_ID AS id,
                   CONCAT(vorname, ' ', nachname, ' (', email, ')') AS label
            FROM users
            WHERE customer_ID = {CUSTOMER_ID}
            ORDER BY nachname, vorname
        
[03-Sep-2025 16:31:29 Europe/Berlin] SQL Override: 
                SELECT user_ID AS id,
                       CONCAT(vorname, ' ', nachname, ' (', email, ')') AS label
                FROM users
                WHERE customer_ID = {customer_ID}
                ORDER BY nachname, vorname
            
[03-Sep-2025 16:31:29 Europe/Berlin] SQL Override: 
                SELECT user_ID AS id,
                       CONCAT(vorname, ' ', nachname, ' (', email, ')') AS label
                FROM users
                WHERE customer_ID = {customer_ID}
                ORDER BY nachname, vorname
            
[03-Sep-2025 16:32:16 Europe/Berlin] SQL Override: 
                SELECT user_ID AS id,
                       CONCAT(vorname, ' ', nachname, ' (', email, ')') AS label
                FROM users
                WHERE customer_ID = {customer_ID}
                ORDER BY nachname, vorname
            
[03-Sep-2025 16:32:16 Europe/Berlin] SQL Override: 
                SELECT user_ID AS id,
                       CONCAT(vorname, ' ', nachname, ' (', email, ')') AS label
                FROM users
                WHERE customer_ID = {customer_ID}
                ORDER BY nachname, vorname
            
[03-Sep-2025 16:54:49 Europe/Berlin] SQL Override: 
                SELECT user_ID AS id,
                       CONCAT(vorname, ' ', nachname, ' (', email, ')') AS label
                FROM users
                WHERE kundenID = {KUNDEN_ID}
                ORDER BY nachname, vorname
            
[03-Sep-2025 16:54:49 Europe/Berlin] SQL Override: 
                SELECT user_ID AS id,
                       CONCAT(vorname, ' ', nachname, ' (', email, ')') AS label
                FROM users
                WHERE kundenID = {KUNDEN_ID}
                ORDER BY nachname, vorname
            
[03-Sep-2025 17:20:36 Europe/Berlin] PHP Parse error:  syntax error, unexpected token "return" in /home/webpages/lima-city/ggruen71/html/api/schema_overrides.php on line 4
[03-Sep-2025 17:32:28 Europe/Berlin] PHP Warning:  require(/home/webpages/lima-city/ggruen71/html/api/schema_overrides.php): Failed to open stream: No such file or directory in /home/webpages/lima-city/ggruen71/html/api/get_schema.php on line 101
[03-Sep-2025 17:32:28 Europe/Berlin] PHP Warning:  require(/home/webpages/lima-city/ggruen71/html/api/schema_overrides.php): Failed to open stream: No such file or directory in /home/webpages/lima-city/ggruen71/html/api/get_schema.php on line 101
[03-Sep-2025 17:32:28 Europe/Berlin] PHP Fatal error:  Uncaught Error: Failed opening required '/home/webpages/lima-city/ggruen71/html/api/schema_overrides.php' (include_path='.') in /home/webpages/lima-city/ggruen71/html/api/get_schema.php:101
Stack trace:
#0 /home/webpages/lima-city/ggruen71/html/api/get_schema.php(153): getSchema('customers', Object(PDO))
#1 {main}
  thrown in /home/webpages/lima-city/ggruen71/html/api/get_schema.php on line 101
[03-Sep-2025 17:35:24 Europe/Berlin] PHP Parse error:  syntax error, unexpected token "echo", expecting "]" in /home/webpages/lima-city/ggruen71/html/api/schema_overrides.php on line 18
[03-Sep-2025 17:40:27 Europe/Berlin] PHP Parse error:  Unclosed '[' on line 40 in /home/webpages/lima-city/ggruen71/html/api/schema_overrides.php on line 43
[03-Sep-2025 21:42:49 Europe/Berlin] PHP Fatal error:  Uncaught TypeError: str_replace(): Argument #2 ($replace) must be of type array|string, int given in /home/webpages/lima-city/ggruen71/html/api/get_schema.php:146
Stack trace:
#0 /home/webpages/lima-city/ggruen71/html/api/get_schema.php(146): str_replace('{customer_ID}', 1, '\n              ...')
#1 /home/webpages/lima-city/ggruen71/html/api/get_schema.php(174): getSchema('customers', Object(PDO))
#2 {main}
  thrown in /home/webpages/lima-city/ggruen71/html/api/get_schema.php on line 146
[03-Sep-2025 21:42:51 Europe/Berlin] PHP Fatal error:  Uncaught TypeError: str_replace(): Argument #2 ($replace) must be of type array|string, int given in /home/webpages/lima-city/ggruen71/html/api/get_schema.php:146
Stack trace:
#0 /home/webpages/lima-city/ggruen71/html/api/get_schema.php(146): str_replace('{customer_ID}', 1, '\n              ...')
#1 /home/webpages/lima-city/ggruen71/html/api/get_schema.php(174): getSchema('customers', Object(PDO))
#2 {main}
  thrown in /home/webpages/lima-city/ggruen71/html/api/get_schema.php on line 146
[03-Sep-2025 21:44:44 Europe/Berlin] PHP Parse error:  syntax error, unexpected token "=>" in /home/webpages/lima-city/ggruen71/html/api/schema_overrides.php on line 57
[03-Sep-2025 21:45:26 Europe/Berlin] PHP Parse error:  syntax error, unexpected token "<", expecting end of file in /home/webpages/lima-city/ggruen71/html/api/schema_overrides.php on line 25
[03-Sep-2025 21:45:33 Europe/Berlin] PHP Parse error:  syntax error, unexpected token "=>" in /home/webpages/lima-city/ggruen71/html/api/schema_overrides.php on line 55
[03-Sep-2025 21:54:13 Europe/Berlin] PHP Fatal error:  Uncaught TypeError: str_replace(): Argument #2 ($replace) must be of type array|string, int given in /home/webpages/lima-city/ggruen71/html/api/get_schema.php:146
Stack trace:
#0 /home/webpages/lima-city/ggruen71/html/api/get_schema.php(146): str_replace('{customer_ID}', 1, '\n              ...')
#1 /home/webpages/lima-city/ggruen71/html/api/get_schema.php(174): getSchema('customers', Object(PDO))
#2 {main}
  thrown in /home/webpages/lima-city/ggruen71/html/api/get_schema.php on line 146
[03-Sep-2025 21:56:12 Europe/Berlin] PHP Fatal error:  Uncaught TypeError: str_replace(): Argument #2 ($replace) must be of type array|string, int given in /home/webpages/lima-city/ggruen71/html/api/get_schema.php:146
Stack trace:
#0 /home/webpages/lima-city/ggruen71/html/api/get_schema.php(146): str_replace('{customer_ID}', 1, '\n              ...')
#1 /home/webpages/lima-city/ggruen71/html/api/get_schema.php(174): getSchema('customers', Object(PDO))
#2 {main}
  thrown in /home/webpages/lima-city/ggruen71/html/api/get_schema.php on line 146
[03-Sep-2025 21:56:14 Europe/Berlin] PHP Fatal error:  Uncaught TypeError: str_replace(): Argument #2 ($replace) must be of type array|string, int given in /home/webpages/lima-city/ggruen71/html/api/get_schema.php:146
Stack trace:
#0 /home/webpages/lima-city/ggruen71/html/api/get_schema.php(146): str_replace('{customer_ID}', 1, '\n              ...')
#1 /home/webpages/lima-city/ggruen71/html/api/get_schema.php(174): getSchema('customers', Object(PDO))
#2 {main}
  thrown in /home/webpages/lima-city/ggruen71/html/api/get_schema.php on line 146
[03-Sep-2025 21:56:46 Europe/Berlin] PHP Fatal error:  Uncaught TypeError: str_replace(): Argument #2 ($replace) must be of type array|string, int given in /home/webpages/lima-city/ggruen71/html/api/get_schema.php:146
Stack trace:
#0 /home/webpages/lima-city/ggruen71/html/api/get_schema.php(146): str_replace('{customer_ID}', 1, '\n              ...')
#1 /home/webpages/lima-city/ggruen71/html/api/get_schema.php(174): getSchema('customers', Object(PDO))
#2 {main}
  thrown in /home/webpages/lima-city/ggruen71/html/api/get_schema.php on line 146
[04-Sep-2025 08:48:42 Europe/Berlin] SQL Override: 
        SELECT user_ID AS id,
               CONCAT(vorname, ' ', nachname, ' <', email, '>') AS label
        FROM users
        ORDER BY nachname, vorname
    
[04-Sep-2025 08:48:42 Europe/Berlin] SQL Override: 
                SELECT user_ID AS id,
                       CONCAT(vorname, ' ', nachname, ' <', email, '>') AS label
                FROM users
                WHERE customer_ID = {customer_ID}
                ORDER BY nachname, vorname
            
[04-Sep-2025 08:48:42 Europe/Berlin] SQL Override: 
        SELECT user_ID AS id,
               CONCAT(vorname, ' ', nachname, ' <', email, '>') AS label
        FROM users
        ORDER BY nachname, vorname
    
[04-Sep-2025 08:48:42 Europe/Berlin] SQL Override: 
                SELECT user_ID AS id,
                       CONCAT(vorname, ' ', nachname, ' <', email, '>') AS label
                FROM users
                WHERE customer_ID = {customer_ID}
                ORDER BY nachname, vorname
            
[04-Sep-2025 13:03:33 Europe/Berlin] PHP Warning:  Cannot modify header information - headers already sent by (output started at /home/webpages/lima-city/ggruen71/html/api/get_schema.php:4) in /home/webpages/lima-city/ggruen71/html/api/get_schema.php on line 93
[04-Sep-2025 13:04:06 Europe/Berlin] PHP Warning:  Cannot modify header information - headers already sent by (output started at /home/webpages/lima-city/ggruen71/html/api/get_schema.php:4) in /home/webpages/lima-city/ggruen71/html/api/get_schema.php on line 97
[04-Sep-2025 13:04:31 Europe/Berlin] PHP Warning:  Cannot modify header information - headers already sent by (output started at /home/webpages/lima-city/ggruen71/html/api/get_schema.php:4) in /home/webpages/lima-city/ggruen71/html/api/get_schema.php on line 97
[04-Sep-2025 13:09:18 Europe/Berlin] PHP Parse error:  syntax error, unexpected token ";" in /home/webpages/lima-city/ggruen71/html/api/get_schema.php on line 63
[04-Sep-2025 13:09:41 Europe/Berlin] PHP Parse error:  syntax error, unexpected token ";" in /home/webpages/lima-city/ggruen71/html/api/get_schema.php on line 63
[04-Sep-2025 13:09:52 Europe/Berlin] PHP Parse error:  syntax error, unexpected token "foreach" in /home/webpages/lima-city/ggruen71/html/api/get_schema.php on line 67
[04-Sep-2025 13:10:07 Europe/Berlin] PHP Parse error:  syntax error, unexpected token ";" in /home/webpages/lima-city/ggruen71/html/api/get_schema.php on line 63
[04-Sep-2025 13:28:53 Europe/Berlin] PHP Parse error:  syntax error, unexpected token "=>" in /home/webpages/lima-city/ggruen71/html/api/schema_overrides.php on line 14
[04-Sep-2025 13:29:06 Europe/Berlin] PHP Parse error:  syntax error, unexpected single-quoted string "customers", expecting "]" in /home/webpages/lima-city/ggruen71/html/api/schema_overrides.php on line 14
[04-Sep-2025 13:30:14 Europe/Berlin] PHP Parse error:  Unmatched ']' in /home/webpages/lima-city/ggruen71/html/api/schema_overrides.php on line 16
[04-Sep-2025 13:31:27 Europe/Berlin] PHP Parse error:  syntax error, unexpected token ";", expecting "]" in /home/webpages/lima-city/ggruen71/html/api/schema_overrides.php on line 9
[04-Sep-2025 13:36:34 Europe/Berlin] PHP Parse error:  syntax error, unexpected single-quoted string "Kontakt_kaufm", expecting "]" in /home/webpages/lima-city/ggruen71/html/api/schema_overrides.php on line 10
[06-Sep-2025 10:32:16 Europe/Berlin] PHP Parse error:  Unclosed '{' on line 24 in /home/webpages/lima-city/ggruen71/html/api/change.php on line 179
[06-Sep-2025 10:32:33 Europe/Berlin] PHP Parse error:  Unclosed '{' on line 24 in /home/webpages/lima-city/ggruen71/html/api/change.php on line 179
[06-Sep-2025 10:33:54 Europe/Berlin] PHP Parse error:  Unclosed '{' on line 24 in /home/webpages/lima-city/ggruen71/html/api/change.php on line 179
[06-Sep-2025 22:29:50 Europe/Berlin] PHP Parse error:  syntax error, unexpected token "exit", expecting "]" in /home/webpages/lima-city/ggruen71/html/api/change.php on line 185
[06-Sep-2025 22:30:46 Europe/Berlin] PHP Parse error:  syntax error, unexpected token "exit" in /home/webpages/lima-city/ggruen71/html/api/change.php on line 183
[08-Sep-2025 18:29:35 Europe/Berlin] PHP Parse error:  syntax error, unexpected variable "$stmt" in /home/webpages/lima-city/ggruen71/html/api/get_schema.php on line 18
[08-Sep-2025 18:29:36 Europe/Berlin] PHP Parse error:  syntax error, unexpected variable "$stmt" in /home/webpages/lima-city/ggruen71/html/api/get_schema.php on line 18
[08-Sep-2025 18:29:55 Europe/Berlin] PHP Parse error:  syntax error, unexpected variable "$stmt" in /home/webpages/lima-city/ggruen71/html/api/get_schema.php on line 18
[08-Sep-2025 18:30:13 Europe/Berlin] PHP Parse error:  syntax error, unexpected variable "$stmt" in /home/webpages/lima-city/ggruen71/html/api/get_schema.php on line 18
[08-Sep-2025 18:40:23 Europe/Berlin] PHP Warning:  Cannot modify header information - headers already sent by (output started at /home/webpages/lima-city/ggruen71/html/api/get_schema.php:12) in /home/webpages/lima-city/ggruen71/html/api/get_schema.php on line 133
[08-Sep-2025 19:00:06 Europe/Berlin] PHP Warning:  Cannot modify header information - headers already sent by (output started at /home/webpages/lima-city/ggruen71/html/api/get_schema.php:12) in /home/webpages/lima-city/ggruen71/html/api/get_schema.php on line 142
[08-Sep-2025 19:15:45 Europe/Berlin] PHP Parse error:  syntax error, unexpected token "catch", expecting end of file in /home/webpages/lima-city/ggruen71/html/api/get_schema.php on line 156
[08-Sep-2025 19:15:58 Europe/Berlin] PHP Parse error:  syntax error, unexpected token "catch", expecting end of file in /home/webpages/lima-city/ggruen71/html/api/get_schema.php on line 155
[11-Sep-2025 10:15:18 Europe/Berlin] PHP Warning:  Undefined variable $schema in /home/webpages/lima-city/ggruen71/html/api/change.php on line 29
[11-Sep-2025 10:15:18 Europe/Berlin] PHP Warning:  Trying to access array offset on null in /home/webpages/lima-city/ggruen71/html/api/change.php on line 29
[11-Sep-2025 10:15:38 Europe/Berlin] PHP Warning:  Undefined variable $schema in /home/webpages/lima-city/ggruen71/html/api/change.php on line 29
[11-Sep-2025 10:15:38 Europe/Berlin] PHP Warning:  Trying to access array offset on null in /home/webpages/lima-city/ggruen71/html/api/change.php on line 29
[11-Sep-2025 14:56:08 Europe/Berlin] PHP Fatal error:  Uncaught TypeError: getSchema(): Argument #3 ($dependencies) must be of type array, null given, called in /home/webpages/lima-city/ggruen71/html/api/get_schema.php on line 161 and defined in /home/webpages/lima-city/ggruen71/html/api/get_schema.php:19
Stack trace:
#0 /home/webpages/lima-city/ggruen71/html/api/get_schema.php(161): getSchema('users', Object(PDO), NULL)
#1 {main}
  thrown in /home/webpages/lima-city/ggruen71/html/api/get_schema.php on line 19
[11-Sep-2025 14:56:30 Europe/Berlin] PHP Fatal error:  Uncaught TypeError: getSchema(): Argument #3 ($dependencies) must be of type array, null given, called in /home/webpages/lima-city/ggruen71/html/api/get_schema.php on line 161 and defined in /home/webpages/lima-city/ggruen71/html/api/get_schema.php:19
Stack trace:
#0 /home/webpages/lima-city/ggruen71/html/api/get_schema.php(161): getSchema('users', Object(PDO), NULL)
#1 {main}
  thrown in /home/webpages/lima-city/ggruen71/html/api/get_schema.php on line 19
[11-Sep-2025 14:56:59 Europe/Berlin] PHP Fatal error:  Uncaught TypeError: getSchema(): Argument #3 ($dependencies) must be of type array, null given, called in /home/webpages/lima-city/ggruen71/html/api/get_schema.php on line 161 and defined in /home/webpages/lima-city/ggruen71/html/api/get_schema.php:19
Stack trace:
#0 /home/webpages/lima-city/ggruen71/html/api/get_schema.php(161): getSchema('users', Object(PDO), NULL)
#1 {main}
  thrown in /home/webpages/lima-city/ggruen71/html/api/get_schema.php on line 19
[11-Sep-2025 14:58:24 Europe/Berlin] PHP Fatal error:  Uncaught TypeError: getSchema(): Argument #3 ($dependencies) must be of type array, null given, called in /home/webpages/lima-city/ggruen71/html/api/get_schema.php on line 161 and defined in /home/webpages/lima-city/ggruen71/html/api/get_schema.php:19
Stack trace:
#0 /home/webpages/lima-city/ggruen71/html/api/get_schema.php(161): getSchema('users', Object(PDO), NULL)
#1 {main}
  thrown in /home/webpages/lima-city/ggruen71/html/api/get_schema.php on line 19
[11-Sep-2025 14:59:57 Europe/Berlin] PHP Fatal error:  Uncaught TypeError: getSchema(): Argument #3 ($dependencies) must be of type array, null given, called in /home/webpages/lima-city/ggruen71/html/api/get_schema.php on line 161 and defined in /home/webpages/lima-city/ggruen71/html/api/get_schema.php:19
Stack trace:
#0 /home/webpages/lima-city/ggruen71/html/api/get_schema.php(161): getSchema('customers', Object(PDO), NULL)
#1 {main}
  thrown in /home/webpages/lima-city/ggruen71/html/api/get_schema.php on line 19
[11-Sep-2025 15:00:47 Europe/Berlin] PHP Fatal error:  Uncaught TypeError: getSchema(): Argument #3 ($dependencies) must be of type array, null given, called in /home/webpages/lima-city/ggruen71/html/api/get_schema.php on line 161 and defined in /home/webpages/lima-city/ggruen71/html/api/get_schema.php:19
Stack trace:
#0 /home/webpages/lima-city/ggruen71/html/api/get_schema.php(161): getSchema('helpdesks', Object(PDO), NULL)
#1 {main}
  thrown in /home/webpages/lima-city/ggruen71/html/api/get_schema.php on line 19
[11-Sep-2025 15:02:30 Europe/Berlin] PHP Fatal error:  Uncaught TypeError: getSchema(): Argument #3 ($dependencies) must be of type array, null given, called in /home/webpages/lima-city/ggruen71/html/api/get_schema.php on line 161 and defined in /home/webpages/lima-city/ggruen71/html/api/get_schema.php:19
Stack trace:
#0 /home/webpages/lima-city/ggruen71/html/api/get_schema.php(161): getSchema('helpdesks', Object(PDO), NULL)
#1 {main}
  thrown in /home/webpages/lima-city/ggruen71/html/api/get_schema.php on line 19
[11-Sep-2025 15:02:35 Europe/Berlin] PHP Fatal error:  Uncaught TypeError: getSchema(): Argument #3 ($dependencies) must be of type array, null given, called in /home/webpages/lima-city/ggruen71/html/api/get_schema.php on line 161 and defined in /home/webpages/lima-city/ggruen71/html/api/get_schema.php:19
Stack trace:
#0 /home/webpages/lima-city/ggruen71/html/api/get_schema.php(161): getSchema('users', Object(PDO), NULL)
#1 {main}
  thrown in /home/webpages/lima-city/ggruen71/html/api/get_schema.php on line 19
[11-Sep-2025 15:02:38 Europe/Berlin] PHP Fatal error:  Uncaught TypeError: getSchema(): Argument #3 ($dependencies) must be of type array, null given, called in /home/webpages/lima-city/ggruen71/html/api/get_schema.php on line 161 and defined in /home/webpages/lima-city/ggruen71/html/api/get_schema.php:19
Stack trace:
#0 /home/webpages/lima-city/ggruen71/html/api/get_schema.php(161): getSchema('helpdesks', Object(PDO), NULL)
#1 {main}
  thrown in /home/webpages/lima-city/ggruen71/html/api/get_schema.php on line 19
[11-Sep-2025 15:02:48 Europe/Berlin] PHP Fatal error:  Uncaught TypeError: getSchema(): Argument #3 ($dependencies) must be of type array, null given, called in /home/webpages/lima-city/ggruen71/html/api/get_schema.php on line 161 and defined in /home/webpages/lima-city/ggruen71/html/api/get_schema.php:19
Stack trace:
#0 /home/webpages/lima-city/ggruen71/html/api/get_schema.php(161): getSchema('helpdesks', Object(PDO), NULL)
#1 {main}
  thrown in /home/webpages/lima-city/ggruen71/html/api/get_schema.php on line 19
[11-Sep-2025 15:03:01 Europe/Berlin] PHP Fatal error:  Uncaught TypeError: getSchema(): Argument #3 ($dependencies) must be of type array, null given, called in /home/webpages/lima-city/ggruen71/html/api/get_schema.php on line 161 and defined in /home/webpages/lima-city/ggruen71/html/api/get_schema.php:19
Stack trace:
#0 /home/webpages/lima-city/ggruen71/html/api/get_schema.php(161): getSchema('helpdesks', Object(PDO), NULL)
#1 {main}
  thrown in /home/webpages/lima-city/ggruen71/html/api/get_schema.php on line 19
[11-Sep-2025 15:03:03 Europe/Berlin] PHP Fatal error:  Uncaught TypeError: getSchema(): Argument #3 ($dependencies) must be of type array, null given, called in /home/webpages/lima-city/ggruen71/html/api/get_schema.php on line 161 and defined in /home/webpages/lima-city/ggruen71/html/api/get_schema.php:19
Stack trace:
#0 /home/webpages/lima-city/ggruen71/html/api/get_schema.php(161): getSchema('helpdesks', Object(PDO), NULL)
#1 {main}
  thrown in /home/webpages/lima-city/ggruen71/html/api/get_schema.php on line 19
[11-Sep-2025 15:03:38 Europe/Berlin] PHP Fatal error:  Uncaught TypeError: getSchema(): Argument #3 ($dependencies) must be of type array, null given, called in /home/webpages/lima-city/ggruen71/html/api/get_schema.php on line 161 and defined in /home/webpages/lima-city/ggruen71/html/api/get_schema.php:19
Stack trace:
#0 /home/webpages/lima-city/ggruen71/html/api/get_schema.php(161): getSchema('helpdesks', Object(PDO), NULL)
#1 {main}
  thrown in /home/webpages/lima-city/ggruen71/html/api/get_schema.php on line 19
[14-Sep-2025 12:47:01 Europe/Berlin] PHP Warning:  Undefined variable $mailTemplates in /home/webpages/lima-city/ggruen71/html/api/auth.php on line 75
[14-Sep-2025 12:47:01 Europe/Berlin] PHP Warning:  Trying to access array offset on null in /home/webpages/lima-city/ggruen71/html/api/auth.php on line 75
[14-Sep-2025 12:47:01 Europe/Berlin] PHP Warning:  Undefined variable $mailTemplates in /home/webpages/lima-city/ggruen71/html/api/auth.php on line 76
[14-Sep-2025 12:47:01 Europe/Berlin] PHP Warning:  Trying to access array offset on null in /home/webpages/lima-city/ggruen71/html/api/auth.php on line 76
[14-Sep-2025 12:47:01 Europe/Berlin] PHP Fatal error:  Uncaught Error: Value of type null is not callable in /home/webpages/lima-city/ggruen71/html/api/auth.php:76
Stack trace:
#0 {main}
  thrown in /home/webpages/lima-city/ggruen71/html/api/auth.php on line 76
[14-Sep-2025 12:48:03 Europe/Berlin] PHP Warning:  Undefined variable $mailTemplates in /home/webpages/lima-city/ggruen71/html/api/auth.php on line 75
[14-Sep-2025 12:48:03 Europe/Berlin] PHP Warning:  Trying to access array offset on null in /home/webpages/lima-city/ggruen71/html/api/auth.php on line 75
[14-Sep-2025 12:48:03 Europe/Berlin] PHP Warning:  Undefined variable $mailTemplates in /home/webpages/lima-city/ggruen71/html/api/auth.php on line 76
[14-Sep-2025 12:48:03 Europe/Berlin] PHP Warning:  Trying to access array offset on null in /home/webpages/lima-city/ggruen71/html/api/auth.php on line 76
[14-Sep-2025 12:48:03 Europe/Berlin] PHP Fatal error:  Uncaught Error: Value of type null is not callable in /home/webpages/lima-city/ggruen71/html/api/auth.php:76
Stack trace:
#0 {main}
  thrown in /home/webpages/lima-city/ggruen71/html/api/auth.php on line 76
[14-Sep-2025 20:06:04 Europe/Berlin] PHP Warning:  Undefined variable $mailTemplates in /home/webpages/lima-city/ggruen71/html/api/auth.php on line 75
[14-Sep-2025 20:06:04 Europe/Berlin] PHP Warning:  Trying to access array offset on null in /home/webpages/lima-city/ggruen71/html/api/auth.php on line 75
[14-Sep-2025 20:06:04 Europe/Berlin] PHP Warning:  Undefined variable $mailTemplates in /home/webpages/lima-city/ggruen71/html/api/auth.php on line 76
[14-Sep-2025 20:06:04 Europe/Berlin] PHP Warning:  Trying to access array offset on null in /home/webpages/lima-city/ggruen71/html/api/auth.php on line 76
[14-Sep-2025 20:06:04 Europe/Berlin] PHP Fatal error:  Uncaught Error: Value of type null is not callable in /home/webpages/lima-city/ggruen71/html/api/auth.php:76
Stack trace:
#0 {main}
  thrown in /home/webpages/lima-city/ggruen71/html/api/auth.php on line 76
[14-Sep-2025 20:59:37 Europe/Berlin] PHP Warning:  require_once(/home/webpages/lima-city/ggruen71/html/api/../user_send_code.php): Failed to open stream: No such file or directory in /home/webpages/lima-city/ggruen71/html/api/auth.php on line 7
[14-Sep-2025 20:59:37 Europe/Berlin] PHP Fatal error:  Uncaught Error: Failed opening required '/home/webpages/lima-city/ggruen71/html/api/../user_send_code.php' (include_path='.') in /home/webpages/lima-city/ggruen71/html/api/auth.php:7
Stack trace:
#0 {main}
  thrown in /home/webpages/lima-city/ggruen71/html/api/auth.php on line 7
[14-Sep-2025 20:59:51 Europe/Berlin] PHP Warning:  require_once(/home/webpages/lima-city/ggruen71/html/api/../user_send_code.php): Failed to open stream: No such file or directory in /home/webpages/lima-city/ggruen71/html/api/auth.php on line 7
[14-Sep-2025 20:59:51 Europe/Berlin] PHP Fatal error:  Uncaught Error: Failed opening required '/home/webpages/lima-city/ggruen71/html/api/../user_send_code.php' (include_path='.') in /home/webpages/lima-city/ggruen71/html/api/auth.php:7
Stack trace:
#0 {main}
  thrown in /home/webpages/lima-city/ggruen71/html/api/auth.php on line 7
[14-Sep-2025 20:59:59 Europe/Berlin] PHP Warning:  require_once(/home/webpages/lima-city/ggruen71/html/api/../user_send_code.php): Failed to open stream: No such file or directory in /home/webpages/lima-city/ggruen71/html/api/auth.php on line 7
[14-Sep-2025 20:59:59 Europe/Berlin] PHP Fatal error:  Uncaught Error: Failed opening required '/home/webpages/lima-city/ggruen71/html/api/../user_send_code.php' (include_path='.') in /home/webpages/lima-city/ggruen71/html/api/auth.php:7
Stack trace:
#0 {main}
  thrown in /home/webpages/lima-city/ggruen71/html/api/auth.php on line 7
[17-Sep-2025 15:43:07 Europe/Berlin] PHP Parse error:  Unclosed '{' on line 23 in /home/webpages/lima-city/ggruen71/html/api/change.php on line 204
[17-Sep-2025 15:43:35 Europe/Berlin] PHP Parse error:  Unclosed '{' on line 23 in /home/webpages/lima-city/ggruen71/html/api/change.php on line 204
[17-Sep-2025 15:47:13 Europe/Berlin] PHP Fatal error:  Cannot use try without catch or finally in /home/webpages/lima-city/ggruen71/html/api/change.php on line 23
[17-Sep-2025 15:47:18 Europe/Berlin] PHP Fatal error:  Cannot use try without catch or finally in /home/webpages/lima-city/ggruen71/html/api/change.php on line 23
[17-Sep-2025 15:49:45 Europe/Berlin] PHP Fatal error:  Cannot use try without catch or finally in /home/webpages/lima-city/ggruen71/html/api/change.php on line 23
[17-Sep-2025 15:49:49 Europe/Berlin] PHP Fatal error:  Cannot use try without catch or finally in /home/webpages/lima-city/ggruen71/html/api/change.php on line 23
[17-Sep-2025 15:51:21 Europe/Berlin] PHP Parse error:  Unclosed '{' on line 201 in /home/webpages/lima-city/ggruen71/html/api/change.php on line 207
[17-Sep-2025 16:08:39 Europe/Berlin] PHP Warning:  Undefined variable $ROLE_POLICIES in /home/webpages/lima-city/ggruen71/html/admin/includes/permissions.php on line 73
[17-Sep-2025 16:44:59 Europe/Berlin] PHP Parse error:  syntax error, unexpected variable "$action" in /home/webpages/lima-city/ggruen71/html/api/change.php on line 14
[17-Sep-2025 16:45:03 Europe/Berlin] PHP Parse error:  syntax error, unexpected variable "$action" in /home/webpages/lima-city/ggruen71/html/api/change.php on line 14
[19-Sep-2025 16:42:52 Europe/Berlin] PHP Fatal error:  Uncaught TypeError: getSchema(): Argument #3 ($dependencies) must be of type array, null given, called in /home/webpages/lima-city/ggruen71/html/api/get_schema.php on line 179 and defined in /home/webpages/lima-city/ggruen71/html/api/get_schema.php:19
Stack trace:
#0 /home/webpages/lima-city/ggruen71/html/api/get_schema.php(179): getSchema('users', Object(PDO), NULL)
#1 {main}
  thrown in /home/webpages/lima-city/ggruen71/html/api/get_schema.php on line 19
[19-Sep-2025 16:46:36 Europe/Berlin] PHP Fatal error:  Uncaught TypeError: getSchema(): Argument #3 ($dependencies) must be of type array, null given, called in /home/webpages/lima-city/ggruen71/html/api/get_schema.php on line 179 and defined in /home/webpages/lima-city/ggruen71/html/api/get_schema.php:19
Stack trace:
#0 /home/webpages/lima-city/ggruen71/html/api/get_schema.php(179): getSchema('users', Object(PDO), NULL)
#1 {main}
  thrown in /home/webpages/lima-city/ggruen71/html/api/get_schema.php on line 19
[19-Sep-2025 16:48:05 Europe/Berlin] PHP Fatal error:  Uncaught TypeError: getSchema(): Argument #3 ($dependencies) must be of type array, null given, called in /home/webpages/lima-city/ggruen71/html/api/get_schema.php on line 179 and defined in /home/webpages/lima-city/ggruen71/html/api/get_schema.php:19
Stack trace:
#0 /home/webpages/lima-city/ggruen71/html/api/get_schema.php(179): getSchema('users', Object(PDO), NULL)
#1 {main}
  thrown in /home/webpages/lima-city/ggruen71/html/api/get_schema.php on line 19
[19-Sep-2025 17:23:58 Europe/Berlin] PHP Parse error:  syntax error, unexpected token "elseif" in /home/webpages/lima-city/ggruen71/html/api/get_schema.php on line 121
[19-Sep-2025 18:18:02 Europe/Berlin] PHP Fatal error:  Uncaught TypeError: getSchema(): Argument #3 ($dependencies) must be of type array, null given, called in /home/webpages/lima-city/ggruen71/html/api/get_schema.php on line 168 and defined in /home/webpages/lima-city/ggruen71/html/api/get_schema.php:19
Stack trace:
#0 /home/webpages/lima-city/ggruen71/html/api/get_schema.php(168): getSchema('helpdesks', Object(PDO), NULL)
#1 {main}
  thrown in /home/webpages/lima-city/ggruen71/html/api/get_schema.php on line 19
[19-Sep-2025 18:18:13 Europe/Berlin] PHP Fatal error:  Uncaught TypeError: getSchema(): Argument #3 ($dependencies) must be of type array, null given, called in /home/webpages/lima-city/ggruen71/html/api/get_schema.php on line 168 and defined in /home/webpages/lima-city/ggruen71/html/api/get_schema.php:19
Stack trace:
#0 /home/webpages/lima-city/ggruen71/html/api/get_schema.php(168): getSchema('helpdesks', Object(PDO), NULL)
#1 {main}
  thrown in /home/webpages/lima-city/ggruen71/html/api/get_schema.php on line 19
[19-Sep-2025 18:19:16 Europe/Berlin] PHP Fatal error:  Uncaught TypeError: getSchema(): Argument #3 ($dependencies) must be of type array, null given, called in /home/webpages/lima-city/ggruen71/html/api/get_schema.php on line 168 and defined in /home/webpages/lima-city/ggruen71/html/api/get_schema.php:19
Stack trace:
#0 /home/webpages/lima-city/ggruen71/html/api/get_schema.php(168): getSchema('helpdesks', Object(PDO), NULL)
#1 {main}
  thrown in /home/webpages/lima-city/ggruen71/html/api/get_schema.php on line 19
[19-Sep-2025 18:29:35 Europe/Berlin] PHP Parse error:  syntax error, unexpected token ":" in /home/webpages/lima-city/ggruen71/html/api/get_options.php on line 30
[19-Sep-2025 18:29:35 Europe/Berlin] PHP Parse error:  syntax error, unexpected token ":" in /home/webpages/lima-city/ggruen71/html/api/get_options.php on line 30
[19-Sep-2025 18:29:35 Europe/Berlin] PHP Parse error:  syntax error, unexpected token ":" in /home/webpages/lima-city/ggruen71/html/api/get_options.php on line 30
[19-Sep-2025 18:29:35 Europe/Berlin] PHP Parse error:  syntax error, unexpected token ":" in /home/webpages/lima-city/ggruen71/html/api/get_options.php on line 30
[19-Sep-2025 18:29:35 Europe/Berlin] PHP Parse error:  syntax error, unexpected token ":" in /home/webpages/lima-city/ggruen71/html/api/get_options.php on line 30
[19-Sep-2025 18:29:35 Europe/Berlin] PHP Parse error:  syntax error, unexpected token ":" in /home/webpages/lima-city/ggruen71/html/api/get_options.php on line 30
[19-Sep-2025 18:29:35 Europe/Berlin] PHP Parse error:  syntax error, unexpected token ":" in /home/webpages/lima-city/ggruen71/html/api/get_options.php on line 30
[19-Sep-2025 18:29:35 Europe/Berlin] PHP Parse error:  syntax error, unexpected token ":" in /home/webpages/lima-city/ggruen71/html/api/get_options.php on line 30
[19-Sep-2025 18:29:35 Europe/Berlin] PHP Parse error:  syntax error, unexpected token ":" in /home/webpages/lima-city/ggruen71/html/api/get_options.php on line 30
[19-Sep-2025 18:29:35 Europe/Berlin] PHP Parse error:  syntax error, unexpected token ":" in /home/webpages/lima-city/ggruen71/html/api/get_options.php on line 30
[19-Sep-2025 18:29:35 Europe/Berlin] PHP Parse error:  syntax error, unexpected token ":" in /home/webpages/lima-city/ggruen71/html/api/get_options.php on line 30
[19-Sep-2025 18:29:35 Europe/Berlin] PHP Parse error:  syntax error, unexpected token ":" in /home/webpages/lima-city/ggruen71/html/api/get_options.php on line 30
[19-Sep-2025 18:31:21 Europe/Berlin] PHP Parse error:  syntax error, unexpected token ":" in /home/webpages/lima-city/ggruen71/html/api/get_options.php on line 30
[19-Sep-2025 18:31:21 Europe/Berlin] PHP Parse error:  syntax error, unexpected token ":" in /home/webpages/lima-city/ggruen71/html/api/get_options.php on line 30
[19-Sep-2025 18:31:21 Europe/Berlin] PHP Parse error:  syntax error, unexpected token ":" in /home/webpages/lima-city/ggruen71/html/api/get_options.php on line 30
[19-Sep-2025 18:31:21 Europe/Berlin] PHP Parse error:  syntax error, unexpected token ":" in /home/webpages/lima-city/ggruen71/html/api/get_options.php on line 30
[19-Sep-2025 18:31:21 Europe/Berlin] PHP Parse error:  syntax error, unexpected token ":" in /home/webpages/lima-city/ggruen71/html/api/get_options.php on line 30
[19-Sep-2025 18:31:21 Europe/Berlin] PHP Parse error:  syntax error, unexpected token ":" in /home/webpages/lima-city/ggruen71/html/api/get_options.php on line 30
[19-Sep-2025 18:31:21 Europe/Berlin] PHP Parse error:  syntax error, unexpected token ":" in /home/webpages/lima-city/ggruen71/html/api/get_options.php on line 30
[19-Sep-2025 18:31:21 Europe/Berlin] PHP Parse error:  syntax error, unexpected token ":" in /home/webpages/lima-city/ggruen71/html/api/get_options.php on line 30
[19-Sep-2025 18:31:21 Europe/Berlin] PHP Parse error:  syntax error, unexpected token ":" in /home/webpages/lima-city/ggruen71/html/api/get_options.php on line 30
[19-Sep-2025 18:31:21 Europe/Berlin] PHP Parse error:  syntax error, unexpected token ":" in /home/webpages/lima-city/ggruen71/html/api/get_options.php on line 30
[19-Sep-2025 18:31:21 Europe/Berlin] PHP Parse error:  syntax error, unexpected token ":" in /home/webpages/lima-city/ggruen71/html/api/get_options.php on line 30
[19-Sep-2025 18:31:21 Europe/Berlin] PHP Parse error:  syntax error, unexpected token ":" in /home/webpages/lima-city/ggruen71/html/api/get_options.php on line 30
[19-Sep-2025 18:31:38 Europe/Berlin] PHP Parse error:  syntax error, unexpected token ":" in /home/webpages/lima-city/ggruen71/html/api/get_options.php on line 30
[19-Sep-2025 18:31:38 Europe/Berlin] PHP Parse error:  syntax error, unexpected token ":" in /home/webpages/lima-city/ggruen71/html/api/get_options.php on line 30
[19-Sep-2025 18:31:38 Europe/Berlin] PHP Parse error:  syntax error, unexpected token ":" in /home/webpages/lima-city/ggruen71/html/api/get_options.php on line 30
[19-Sep-2025 18:31:38 Europe/Berlin] PHP Parse error:  syntax error, unexpected token ":" in /home/webpages/lima-city/ggruen71/html/api/get_options.php on line 30
[19-Sep-2025 18:31:38 Europe/Berlin] PHP Parse error:  syntax error, unexpected token ":" in /home/webpages/lima-city/ggruen71/html/api/get_options.php on line 30
[19-Sep-2025 18:31:38 Europe/Berlin] PHP Parse error:  syntax error, unexpected token ":" in /home/webpages/lima-city/ggruen71/html/api/get_options.php on line 30
[19-Sep-2025 18:31:38 Europe/Berlin] PHP Parse error:  syntax error, unexpected token ":" in /home/webpages/lima-city/ggruen71/html/api/get_options.php on line 30
[19-Sep-2025 18:31:38 Europe/Berlin] PHP Parse error:  syntax error, unexpected token ":" in /home/webpages/lima-city/ggruen71/html/api/get_options.php on line 30
[19-Sep-2025 18:31:38 Europe/Berlin] PHP Parse error:  syntax error, unexpected token ":" in /home/webpages/lima-city/ggruen71/html/api/get_options.php on line 30
[19-Sep-2025 18:31:38 Europe/Berlin] PHP Parse error:  syntax error, unexpected token ":" in /home/webpages/lima-city/ggruen71/html/api/get_options.php on line 30
[19-Sep-2025 18:31:38 Europe/Berlin] PHP Parse error:  syntax error, unexpected token ":" in /home/webpages/lima-city/ggruen71/html/api/get_options.php on line 30
[19-Sep-2025 18:31:38 Europe/Berlin] PHP Parse error:  syntax error, unexpected token ":" in /home/webpages/lima-city/ggruen71/html/api/get_options.php on line 30
[19-Sep-2025 18:33:23 Europe/Berlin] PHP Parse error:  syntax error, unexpected token ":" in /home/webpages/lima-city/ggruen71/html/api/get_options.php on line 30
[19-Sep-2025 18:35:30 Europe/Berlin] PHP Parse error:  Unmatched '}' in /home/webpages/lima-city/ggruen71/html/api/get_options.php on line 63
[19-Sep-2025 18:35:33 Europe/Berlin] PHP Parse error:  Unmatched '}' in /home/webpages/lima-city/ggruen71/html/api/get_options.php on line 63
[19-Sep-2025 18:36:14 Europe/Berlin] PHP Parse error:  Unmatched '}' in /home/webpages/lima-city/ggruen71/html/api/get_options.php on line 63
[24-Sep-2025 19:05:23 Europe/Berlin] PHP Warning:  Undefined variable $source in /home/webpages/lima-city/ggruen71/html/api/get_options.php on line 25
[24-Sep-2025 19:05:23 Europe/Berlin] PHP Warning:  Undefined variable $filter in /home/webpages/lima-city/ggruen71/html/api/get_options.php on line 26
[24-Sep-2025 19:05:23 Europe/Berlin] PHP Warning:  Undefined variable $labelCol in /home/webpages/lima-city/ggruen71/html/api/get_options.php on line 61
[24-Sep-2025 19:05:23 Europe/Berlin] PHP Warning:  http_response_code(): Cannot set response code - headers already sent (output started at /home/webpages/lima-city/ggruen71/html/api/get_options.php:25) in /home/webpages/lima-city/ggruen71/html/api/get_options.php on line 78
[24-Sep-2025 19:05:23 Europe/Berlin] PHP Warning:  Undefined variable $source in /home/webpages/lima-city/ggruen71/html/api/get_options.php on line 25
[24-Sep-2025 19:05:23 Europe/Berlin] PHP Warning:  Undefined variable $filter in /home/webpages/lima-city/ggruen71/html/api/get_options.php on line 26
[24-Sep-2025 19:05:23 Europe/Berlin] PHP Warning:  Undefined variable $labelCol in /home/webpages/lima-city/ggruen71/html/api/get_options.php on line 61
[24-Sep-2025 19:05:23 Europe/Berlin] PHP Warning:  http_response_code(): Cannot set response code - headers already sent (output started at /home/webpages/lima-city/ggruen71/html/api/get_options.php:25) in /home/webpages/lima-city/ggruen71/html/api/get_options.php on line 78
[24-Sep-2025 19:05:23 Europe/Berlin] PHP Warning:  Undefined variable $source in /home/webpages/lima-city/ggruen71/html/api/get_options.php on line 25
[24-Sep-2025 19:05:23 Europe/Berlin] PHP Warning:  Undefined variable $filter in /home/webpages/lima-city/ggruen71/html/api/get_options.php on line 26
[24-Sep-2025 19:05:23 Europe/Berlin] PHP Warning:  Undefined variable $labelCol in /home/webpages/lima-city/ggruen71/html/api/get_options.php on line 61
[24-Sep-2025 19:05:23 Europe/Berlin] PHP Warning:  http_response_code(): Cannot set response code - headers already sent (output started at /home/webpages/lima-city/ggruen71/html/api/get_options.php:25) in /home/webpages/lima-city/ggruen71/html/api/get_options.php on line 78
[24-Sep-2025 19:05:23 Europe/Berlin] PHP Warning:  Undefined variable $source in /home/webpages/lima-city/ggruen71/html/api/get_options.php on line 25
[24-Sep-2025 19:05:23 Europe/Berlin] PHP Warning:  Undefined variable $filter in /home/webpages/lima-city/ggruen71/html/api/get_options.php on line 26
[24-Sep-2025 19:05:23 Europe/Berlin] PHP Warning:  Undefined variable $labelCol in /home/webpages/lima-city/ggruen71/html/api/get_options.php on line 61
[24-Sep-2025 19:05:23 Europe/Berlin] PHP Warning:  http_response_code(): Cannot set response code - headers already sent (output started at /home/webpages/lima-city/ggruen71/html/api/get_options.php:25) in /home/webpages/lima-city/ggruen71/html/api/get_options.php on line 78
[24-Sep-2025 19:05:23 Europe/Berlin] PHP Warning:  Undefined variable $source in /home/webpages/lima-city/ggruen71/html/api/get_options.php on line 25
[24-Sep-2025 19:05:23 Europe/Berlin] PHP Warning:  Undefined variable $filter in /home/webpages/lima-city/ggruen71/html/api/get_options.php on line 26
[24-Sep-2025 19:05:23 Europe/Berlin] PHP Warning:  Undefined variable $labelCol in /home/webpages/lima-city/ggruen71/html/api/get_options.php on line 61
[24-Sep-2025 19:05:23 Europe/Berlin] PHP Warning:  http_response_code(): Cannot set response code - headers already sent (output started at /home/webpages/lima-city/ggruen71/html/api/get_options.php:25) in /home/webpages/lima-city/ggruen71/html/api/get_options.php on line 78
[24-Sep-2025 19:05:23 Europe/Berlin] PHP Warning:  Undefined variable $source in /home/webpages/lima-city/ggruen71/html/api/get_options.php on line 25
[24-Sep-2025 19:05:23 Europe/Berlin] PHP Warning:  Undefined variable $filter in /home/webpages/lima-city/ggruen71/html/api/get_options.php on line 26
[24-Sep-2025 19:05:23 Europe/Berlin] PHP Warning:  Undefined variable $labelCol in /home/webpages/lima-city/ggruen71/html/api/get_options.php on line 61
[24-Sep-2025 19:05:23 Europe/Berlin] PHP Warning:  http_response_code(): Cannot set response code - headers already sent (output started at /home/webpages/lima-city/ggruen71/html/api/get_options.php:25) in /home/webpages/lima-city/ggruen71/html/api/get_options.php on line 78
[24-Sep-2025 19:05:23 Europe/Berlin] PHP Warning:  Undefined variable $source in /home/webpages/lima-city/ggruen71/html/api/get_options.php on line 25
[24-Sep-2025 19:05:23 Europe/Berlin] PHP Warning:  Undefined variable $source in /home/webpages/lima-city/ggruen71/html/api/get_options.php on line 25
[24-Sep-2025 19:05:23 Europe/Berlin] PHP Warning:  Undefined variable $filter in /home/webpages/lima-city/ggruen71/html/api/get_options.php on line 26
[24-Sep-2025 19:05:23 Europe/Berlin] PHP Warning:  Undefined variable $filter in /home/webpages/lima-city/ggruen71/html/api/get_options.php on line 26
[24-Sep-2025 19:05:23 Europe/Berlin] PHP Warning:  Undefined variable $labelCol in /home/webpages/lima-city/ggruen71/html/api/get_options.php on line 61
[24-Sep-2025 19:05:23 Europe/Berlin] PHP Warning:  Undefined variable $labelCol in /home/webpages/lima-city/ggruen71/html/api/get_options.php on line 61
[24-Sep-2025 19:05:23 Europe/Berlin] PHP Warning:  Undefined variable $source in /home/webpages/lima-city/ggruen71/html/api/get_options.php on line 25
[24-Sep-2025 19:05:23 Europe/Berlin] PHP Warning:  Undefined variable $filter in /home/webpages/lima-city/ggruen71/html/api/get_options.php on line 26
[24-Sep-2025 19:05:23 Europe/Berlin] PHP Warning:  Undefined variable $labelCol in /home/webpages/lima-city/ggruen71/html/api/get_options.php on line 61
[24-Sep-2025 19:05:23 Europe/Berlin] PHP Warning:  http_response_code(): Cannot set response code - headers already sent (output started at /home/webpages/lima-city/ggruen71/html/api/get_options.php:25) in /home/webpages/lima-city/ggruen71/html/api/get_options.php on line 78
[24-Sep-2025 19:05:23 Europe/Berlin] PHP Warning:  http_response_code(): Cannot set response code - headers already sent (output started at /home/webpages/lima-city/ggruen71/html/api/get_options.php:25) in /home/webpages/lima-city/ggruen71/html/api/get_options.php on line 78
[24-Sep-2025 19:05:23 Europe/Berlin] PHP Warning:  http_response_code(): Cannot set response code - headers already sent (output started at /home/webpages/lima-city/ggruen71/html/api/get_options.php:25) in /home/webpages/lima-city/ggruen71/html/api/get_options.php on line 78
[24-Sep-2025 19:05:23 Europe/Berlin] PHP Warning:  Undefined variable $source in /home/webpages/lima-city/ggruen71/html/api/get_options.php on line 25
[24-Sep-2025 19:05:23 Europe/Berlin] PHP Warning:  Undefined variable $filter in /home/webpages/lima-city/ggruen71/html/api/get_options.php on line 26
[24-Sep-2025 19:05:23 Europe/Berlin] PHP Warning:  Undefined variable $labelCol in /home/webpages/lima-city/ggruen71/html/api/get_options.php on line 61
[24-Sep-2025 19:05:23 Europe/Berlin] PHP Warning:  Undefined variable $source in /home/webpages/lima-city/ggruen71/html/api/get_options.php on line 25
[24-Sep-2025 19:05:23 Europe/Berlin] PHP Warning:  Undefined variable $filter in /home/webpages/lima-city/ggruen71/html/api/get_options.php on line 26
[24-Sep-2025 19:05:23 Europe/Berlin] PHP Warning:  Undefined variable $labelCol in /home/webpages/lima-city/ggruen71/html/api/get_options.php on line 61
[24-Sep-2025 19:05:23 Europe/Berlin] PHP Warning:  http_response_code(): Cannot set response code - headers already sent (output started at /home/webpages/lima-city/ggruen71/html/api/get_options.php:25) in /home/webpages/lima-city/ggruen71/html/api/get_options.php on line 78
[24-Sep-2025 19:05:23 Europe/Berlin] PHP Warning:  http_response_code(): Cannot set response code - headers already sent (output started at /home/webpages/lima-city/ggruen71/html/api/get_options.php:25) in /home/webpages/lima-city/ggruen71/html/api/get_options.php on line 78
[24-Sep-2025 19:05:23 Europe/Berlin] PHP Warning:  Undefined variable $source in /home/webpages/lima-city/ggruen71/html/api/get_options.php on line 25
[24-Sep-2025 19:05:23 Europe/Berlin] PHP Warning:  Undefined variable $filter in /home/webpages/lima-city/ggruen71/html/api/get_options.php on line 26
[24-Sep-2025 19:05:23 Europe/Berlin] PHP Warning:  Undefined variable $labelCol in /home/webpages/lima-city/ggruen71/html/api/get_options.php on line 61
[24-Sep-2025 19:05:23 Europe/Berlin] PHP Warning:  http_response_code(): Cannot set response code - headers already sent (output started at /home/webpages/lima-city/ggruen71/html/api/get_options.php:25) in /home/webpages/lima-city/ggruen71/html/api/get_options.php on line 78
[24-Sep-2025 19:05:23 Europe/Berlin] PHP Warning:  Undefined variable $source in /home/webpages/lima-city/ggruen71/html/api/get_options.php on line 25
[24-Sep-2025 19:05:23 Europe/Berlin] PHP Warning:  Undefined variable $filter in /home/webpages/lima-city/ggruen71/html/api/get_options.php on line 26
[24-Sep-2025 19:05:23 Europe/Berlin] PHP Warning:  Undefined variable $labelCol in /home/webpages/lima-city/ggruen71/html/api/get_options.php on line 61
[24-Sep-2025 19:05:23 Europe/Berlin] PHP Warning:  http_response_code(): Cannot set response code - headers already sent (output started at /home/webpages/lima-city/ggruen71/html/api/get_options.php:25) in /home/webpages/lima-city/ggruen71/html/api/get_options.php on line 78
[24-Sep-2025 19:05:23 Europe/Berlin] PHP Warning:  Undefined variable $source in /home/webpages/lima-city/ggruen71/html/api/get_options.php on line 25
[24-Sep-2025 19:05:23 Europe/Berlin] PHP Warning:  Undefined variable $filter in /home/webpages/lima-city/ggruen71/html/api/get_options.php on line 26
[24-Sep-2025 19:05:23 Europe/Berlin] PHP Warning:  Undefined variable $labelCol in /home/webpages/lima-city/ggruen71/html/api/get_options.php on line 61
[24-Sep-2025 19:05:23 Europe/Berlin] PHP Warning:  http_response_code(): Cannot set response code - headers already sent (output started at /home/webpages/lima-city/ggruen71/html/api/get_options.php:25) in /home/webpages/lima-city/ggruen71/html/api/get_options.php on line 78
[24-Sep-2025 19:07:45 Europe/Berlin] PHP Warning:  Undefined variable $source in /home/webpages/lima-city/ggruen71/html/api/get_options.php on line 25
[24-Sep-2025 19:07:45 Europe/Berlin] PHP Warning:  Undefined variable $filter in /home/webpages/lima-city/ggruen71/html/api/get_options.php on line 26
[24-Sep-2025 19:07:45 Europe/Berlin] PHP Warning:  Undefined variable $labelCol in /home/webpages/lima-city/ggruen71/html/api/get_options.php on line 61
[24-Sep-2025 19:07:45 Europe/Berlin] PHP Warning:  http_response_code(): Cannot set response code - headers already sent (output started at /home/webpages/lima-city/ggruen71/html/api/get_options.php:25) in /home/webpages/lima-city/ggruen71/html/api/get_options.php on line 78
[24-Sep-2025 19:07:45 Europe/Berlin] PHP Warning:  Undefined variable $source in /home/webpages/lima-city/ggruen71/html/api/get_options.php on line 25
[24-Sep-2025 19:07:45 Europe/Berlin] PHP Warning:  Undefined variable $filter in /home/webpages/lima-city/ggruen71/html/api/get_options.php on line 26
[24-Sep-2025 19:07:45 Europe/Berlin] PHP Warning:  Undefined variable $labelCol in /home/webpages/lima-city/ggruen71/html/api/get_options.php on line 61
[24-Sep-2025 19:07:45 Europe/Berlin] PHP Warning:  http_response_code(): Cannot set response code - headers already sent (output started at /home/webpages/lima-city/ggruen71/html/api/get_options.php:25) in /home/webpages/lima-city/ggruen71/html/api/get_options.php on line 78
[24-Sep-2025 19:07:45 Europe/Berlin] PHP Warning:  Undefined variable $source in /home/webpages/lima-city/ggruen71/html/api/get_options.php on line 25
[24-Sep-2025 19:07:45 Europe/Berlin] PHP Warning:  Undefined variable $filter in /home/webpages/lima-city/ggruen71/html/api/get_options.php on line 26
[24-Sep-2025 19:07:45 Europe/Berlin] PHP Warning:  Undefined variable $labelCol in /home/webpages/lima-city/ggruen71/html/api/get_options.php on line 61
[24-Sep-2025 19:07:45 Europe/Berlin] PHP Warning:  Undefined variable $source in /home/webpages/lima-city/ggruen71/html/api/get_options.php on line 25
[24-Sep-2025 19:07:45 Europe/Berlin] PHP Warning:  Undefined variable $filter in /home/webpages/lima-city/ggruen71/html/api/get_options.php on line 26
[24-Sep-2025 19:07:45 Europe/Berlin] PHP Warning:  http_response_code(): Cannot set response code - headers already sent (output started at /home/webpages/lima-city/ggruen71/html/api/get_options.php:25) in /home/webpages/lima-city/ggruen71/html/api/get_options.php on line 78
[24-Sep-2025 19:07:45 Europe/Berlin] PHP Warning:  Undefined variable $labelCol in /home/webpages/lima-city/ggruen71/html/api/get_options.php on line 61
[24-Sep-2025 19:07:45 Europe/Berlin] PHP Warning:  http_response_code(): Cannot set response code - headers already sent (output started at /home/webpages/lima-city/ggruen71/html/api/get_options.php:25) in /home/webpages/lima-city/ggruen71/html/api/get_options.php on line 78
[24-Sep-2025 19:07:45 Europe/Berlin] PHP Warning:  Undefined variable $source in /home/webpages/lima-city/ggruen71/html/api/get_options.php on line 25
[24-Sep-2025 19:07:45 Europe/Berlin] PHP Warning:  Undefined variable $filter in /home/webpages/lima-city/ggruen71/html/api/get_options.php on line 26
[24-Sep-2025 19:07:45 Europe/Berlin] PHP Warning:  Undefined variable $labelCol in /home/webpages/lima-city/ggruen71/html/api/get_options.php on line 61
[24-Sep-2025 19:07:45 Europe/Berlin] PHP Warning:  Undefined variable $source in /home/webpages/lima-city/ggruen71/html/api/get_options.php on line 25
[24-Sep-2025 19:07:45 Europe/Berlin] PHP Warning:  Undefined variable $filter in /home/webpages/lima-city/ggruen71/html/api/get_options.php on line 26
[24-Sep-2025 19:07:45 Europe/Berlin] PHP Warning:  Undefined variable $labelCol in /home/webpages/lima-city/ggruen71/html/api/get_options.php on line 61
[24-Sep-2025 19:07:45 Europe/Berlin] PHP Warning:  http_response_code(): Cannot set response code - headers already sent (output started at /home/webpages/lima-city/ggruen71/html/api/get_options.php:25) in /home/webpages/lima-city/ggruen71/html/api/get_options.php on line 78
[24-Sep-2025 19:07:45 Europe/Berlin] PHP Warning:  http_response_code(): Cannot set response code - headers already sent (output started at /home/webpages/lima-city/ggruen71/html/api/get_options.php:25) in /home/webpages/lima-city/ggruen71/html/api/get_options.php on line 78
[24-Sep-2025 19:07:45 Europe/Berlin] PHP Warning:  Undefined variable $source in /home/webpages/lima-city/ggruen71/html/api/get_options.php on line 25
[24-Sep-2025 19:07:45 Europe/Berlin] PHP Warning:  Undefined variable $filter in /home/webpages/lima-city/ggruen71/html/api/get_options.php on line 26
[24-Sep-2025 19:07:45 Europe/Berlin] PHP Warning:  Undefined variable $labelCol in /home/webpages/lima-city/ggruen71/html/api/get_options.php on line 61
[24-Sep-2025 19:07:45 Europe/Berlin] PHP Warning:  http_response_code(): Cannot set response code - headers already sent (output started at /home/webpages/lima-city/ggruen71/html/api/get_options.php:25) in /home/webpages/lima-city/ggruen71/html/api/get_options.php on line 78
[24-Sep-2025 19:07:45 Europe/Berlin] PHP Warning:  Undefined variable $source in /home/webpages/lima-city/ggruen71/html/api/get_options.php on line 25
[24-Sep-2025 19:07:45 Europe/Berlin] PHP Warning:  Undefined variable $filter in /home/webpages/lima-city/ggruen71/html/api/get_options.php on line 26
[24-Sep-2025 19:07:45 Europe/Berlin] PHP Warning:  Undefined variable $labelCol in /home/webpages/lima-city/ggruen71/html/api/get_options.php on line 61
[24-Sep-2025 19:07:45 Europe/Berlin] PHP Warning:  http_response_code(): Cannot set response code - headers already sent (output started at /home/webpages/lima-city/ggruen71/html/api/get_options.php:25) in /home/webpages/lima-city/ggruen71/html/api/get_options.php on line 78
[24-Sep-2025 19:07:45 Europe/Berlin] PHP Warning:  Undefined variable $source in /home/webpages/lima-city/ggruen71/html/api/get_options.php on line 25
[24-Sep-2025 19:07:45 Europe/Berlin] PHP Warning:  Undefined variable $filter in /home/webpages/lima-city/ggruen71/html/api/get_options.php on line 26
[24-Sep-2025 19:07:45 Europe/Berlin] PHP Warning:  Undefined variable $labelCol in /home/webpages/lima-city/ggruen71/html/api/get_options.php on line 61
[24-Sep-2025 19:07:45 Europe/Berlin] PHP Warning:  Undefined variable $source in /home/webpages/lima-city/ggruen71/html/api/get_options.php on line 25
[24-Sep-2025 19:07:45 Europe/Berlin] PHP Warning:  Undefined variable $filter in /home/webpages/lima-city/ggruen71/html/api/get_options.php on line 26
[24-Sep-2025 19:07:45 Europe/Berlin] PHP Warning:  Undefined variable $labelCol in /home/webpages/lima-city/ggruen71/html/api/get_options.php on line 61
[24-Sep-2025 19:07:45 Europe/Berlin] PHP Warning:  http_response_code(): Cannot set response code - headers already sent (output started at /home/webpages/lima-city/ggruen71/html/api/get_options.php:25) in /home/webpages/lima-city/ggruen71/html/api/get_options.php on line 78
[24-Sep-2025 19:07:45 Europe/Berlin] PHP Warning:  http_response_code(): Cannot set response code - headers already sent (output started at /home/webpages/lima-city/ggruen71/html/api/get_options.php:25) in /home/webpages/lima-city/ggruen71/html/api/get_options.php on line 78
[24-Sep-2025 19:07:45 Europe/Berlin] PHP Warning:  Undefined variable $source in /home/webpages/lima-city/ggruen71/html/api/get_options.php on line 25
[24-Sep-2025 19:07:45 Europe/Berlin] PHP Warning:  Undefined variable $filter in /home/webpages/lima-city/ggruen71/html/api/get_options.php on line 26
[24-Sep-2025 19:07:45 Europe/Berlin] PHP Warning:  Undefined variable $labelCol in /home/webpages/lima-city/ggruen71/html/api/get_options.php on line 61
[24-Sep-2025 19:07:45 Europe/Berlin] PHP Warning:  Undefined variable $source in /home/webpages/lima-city/ggruen71/html/api/get_options.php on line 25
[24-Sep-2025 19:07:45 Europe/Berlin] PHP Warning:  Undefined variable $filter in /home/webpages/lima-city/ggruen71/html/api/get_options.php on line 26
[24-Sep-2025 19:07:45 Europe/Berlin] PHP Warning:  http_response_code(): Cannot set response code - headers already sent (output started at /home/webpages/lima-city/ggruen71/html/api/get_options.php:25) in /home/webpages/lima-city/ggruen71/html/api/get_options.php on line 78
[24-Sep-2025 19:07:45 Europe/Berlin] PHP Warning:  Undefined variable $labelCol in /home/webpages/lima-city/ggruen71/html/api/get_options.php on line 61
[24-Sep-2025 19:07:45 Europe/Berlin] PHP Warning:  Undefined variable $source in /home/webpages/lima-city/ggruen71/html/api/get_options.php on line 25
[24-Sep-2025 19:07:45 Europe/Berlin] PHP Warning:  Undefined variable $filter in /home/webpages/lima-city/ggruen71/html/api/get_options.php on line 26
[24-Sep-2025 19:07:45 Europe/Berlin] PHP Warning:  Undefined variable $labelCol in /home/webpages/lima-city/ggruen71/html/api/get_options.php on line 61
[24-Sep-2025 19:07:45 Europe/Berlin] PHP Warning:  http_response_code(): Cannot set response code - headers already sent (output started at /home/webpages/lima-city/ggruen71/html/api/get_options.php:25) in /home/webpages/lima-city/ggruen71/html/api/get_options.php on line 78
[24-Sep-2025 19:07:45 Europe/Berlin] PHP Warning:  http_response_code(): Cannot set response code - headers already sent (output started at /home/webpages/lima-city/ggruen71/html/api/get_options.php:25) in /home/webpages/lima-city/ggruen71/html/api/get_options.php on line 78
[24-Sep-2025 19:07:45 Europe/Berlin] PHP Warning:  Undefined variable $source in /home/webpages/lima-city/ggruen71/html/api/get_options.php on line 25
[24-Sep-2025 19:07:45 Europe/Berlin] PHP Warning:  Undefined variable $filter in /home/webpages/lima-city/ggruen71/html/api/get_options.php on line 26
[24-Sep-2025 19:07:45 Europe/Berlin] PHP Warning:  Undefined variable $labelCol in /home/webpages/lima-city/ggruen71/html/api/get_options.php on line 61
[24-Sep-2025 19:07:45 Europe/Berlin] PHP Warning:  http_response_code(): Cannot set response code - headers already sent (output started at /home/webpages/lima-city/ggruen71/html/api/get_options.php:25) in /home/webpages/lima-city/ggruen71/html/api/get_options.php on line 78
[24-Sep-2025 19:09:10 Europe/Berlin] PHP Warning:  Undefined variable $source in /home/webpages/lima-city/ggruen71/html/api/get_options.php on line 25
[24-Sep-2025 19:09:10 Europe/Berlin] PHP Warning:  Undefined variable $filter in /home/webpages/lima-city/ggruen71/html/api/get_options.php on line 26
[24-Sep-2025 19:09:10 Europe/Berlin] PHP Warning:  Undefined variable $labelCol in /home/webpages/lima-city/ggruen71/html/api/get_options.php on line 61
[24-Sep-2025 19:09:10 Europe/Berlin] PHP Warning:  http_response_code(): Cannot set response code - headers already sent (output started at /home/webpages/lima-city/ggruen71/html/api/get_options.php:25) in /home/webpages/lima-city/ggruen71/html/api/get_options.php on line 78
[25-Sep-2025 17:28:22 Europe/Berlin] PHP Parse error:  syntax error, unexpected single-quoted string "rowContext", expecting "]" in /home/webpages/lima-city/ggruen71/html/api/get_options.php on line 86
[14-Oct-2025 12:26:11 Europe/Berlin] PHP Parse error:  syntax error, unexpected token "catch" in /home/webpages/lima-city/ggruen71/html/api/get_options.php on line 85
[14-Oct-2025 12:28:57 Europe/Berlin] PHP Parse error:  syntax error, unexpected token "catch" in /home/webpages/lima-city/ggruen71/html/api/get_options.php on line 85
[14-Oct-2025 12:29:29 Europe/Berlin] PHP Parse error:  syntax error, unexpected token "catch" in /home/webpages/lima-city/ggruen71/html/api/get_options.php on line 85
[14-Oct-2025 12:50:27 Europe/Berlin] PHP Fatal error:  Uncaught TypeError: getSchema(): Argument #3 ($dependencies) must be of type array, null given, called in /home/webpages/lima-city/ggruen71/html/api/get_schema.php on line 174 and defined in /home/webpages/lima-city/ggruen71/html/api/get_schema.php:19
Stack trace:
#0 /home/webpages/lima-city/ggruen71/html/api/get_schema.php(174): getSchema('helpdesks', Object(PDO), NULL)
#1 {main}
  thrown in /home/webpages/lima-city/ggruen71/html/api/get_schema.php on line 19
[15-Oct-2025 22:06:43 Europe/Berlin] PHP Parse error:  Unclosed '{' on line 18 in /home/webpages/lima-city/ggruen71/html/api/get_options.php on line 97
[15-Oct-2025 22:06:43 Europe/Berlin] PHP Parse error:  Unclosed '{' on line 18 in /home/webpages/lima-city/ggruen71/html/api/get_options.php on line 97
[15-Oct-2025 22:06:43 Europe/Berlin] PHP Parse error:  Unclosed '{' on line 18 in /home/webpages/lima-city/ggruen71/html/api/get_options.php on line 97
[15-Oct-2025 22:06:43 Europe/Berlin] PHP Parse error:  Unclosed '{' on line 18 in /home/webpages/lima-city/ggruen71/html/api/get_options.php on line 97
[15-Oct-2025 22:06:43 Europe/Berlin] PHP Parse error:  Unclosed '{' on line 18 in /home/webpages/lima-city/ggruen71/html/api/get_options.php on line 97
[15-Oct-2025 22:06:43 Europe/Berlin] PHP Parse error:  Unclosed '{' on line 18 in /home/webpages/lima-city/ggruen71/html/api/get_options.php on line 97
[15-Oct-2025 22:06:43 Europe/Berlin] PHP Parse error:  Unclosed '{' on line 18 in /home/webpages/lima-city/ggruen71/html/api/get_options.php on line 97
[15-Oct-2025 22:06:43 Europe/Berlin] PHP Parse error:  Unclosed '{' on line 18 in /home/webpages/lima-city/ggruen71/html/api/get_options.php on line 97
[15-Oct-2025 22:06:43 Europe/Berlin] PHP Parse error:  Unclosed '{' on line 18 in /home/webpages/lima-city/ggruen71/html/api/get_options.php on line 97
[15-Oct-2025 22:06:43 Europe/Berlin] PHP Parse error:  Unclosed '{' on line 18 in /home/webpages/lima-city/ggruen71/html/api/get_options.php on line 97
[15-Oct-2025 22:06:43 Europe/Berlin] PHP Parse error:  Unclosed '{' on line 18 in /home/webpages/lima-city/ggruen71/html/api/get_options.php on line 97
[15-Oct-2025 22:06:43 Europe/Berlin] PHP Parse error:  Unclosed '{' on line 18 in /home/webpages/lima-city/ggruen71/html/api/get_options.php on line 97
[15-Oct-2025 22:06:43 Europe/Berlin] PHP Parse error:  Unclosed '{' on line 18 in /home/webpages/lima-city/ggruen71/html/api/get_options.php on line 97
[15-Oct-2025 22:06:43 Europe/Berlin] PHP Parse error:  Unclosed '{' on line 18 in /home/webpages/lima-city/ggruen71/html/api/get_options.php on line 97
[15-Oct-2025 22:06:43 Europe/Berlin] PHP Parse error:  Unclosed '{' on line 18 in /home/webpages/lima-city/ggruen71/html/api/get_options.php on line 97
[15-Oct-2025 22:06:43 Europe/Berlin] PHP Parse error:  Unclosed '{' on line 18 in /home/webpages/lima-city/ggruen71/html/api/get_options.php on line 97
[15-Oct-2025 22:07:26 Europe/Berlin] PHP Parse error:  Unclosed '{' on line 18 in /home/webpages/lima-city/ggruen71/html/api/get_options.php on line 97
[15-Oct-2025 22:07:26 Europe/Berlin] PHP Parse error:  Unclosed '{' on line 18 in /home/webpages/lima-city/ggruen71/html/api/get_options.php on line 97
[15-Oct-2025 22:07:26 Europe/Berlin] PHP Parse error:  Unclosed '{' on line 18 in /home/webpages/lima-city/ggruen71/html/api/get_options.php on line 97
[15-Oct-2025 22:07:26 Europe/Berlin] PHP Parse error:  Unclosed '{' on line 18 in /home/webpages/lima-city/ggruen71/html/api/get_options.php on line 97
[15-Oct-2025 22:07:26 Europe/Berlin] PHP Parse error:  Unclosed '{' on line 18 in /home/webpages/lima-city/ggruen71/html/api/get_options.php on line 97
[15-Oct-2025 22:07:26 Europe/Berlin] PHP Parse error:  Unclosed '{' on line 18 in /home/webpages/lima-city/ggruen71/html/api/get_options.php on line 97
[15-Oct-2025 22:07:26 Europe/Berlin] PHP Parse error:  Unclosed '{' on line 18 in /home/webpages/lima-city/ggruen71/html/api/get_options.php on line 97
[15-Oct-2025 22:07:26 Europe/Berlin] PHP Parse error:  Unclosed '{' on line 18 in /home/webpages/lima-city/ggruen71/html/api/get_options.php on line 97
[15-Oct-2025 22:07:26 Europe/Berlin] PHP Parse error:  Unclosed '{' on line 18 in /home/webpages/lima-city/ggruen71/html/api/get_options.php on line 97
[15-Oct-2025 22:07:26 Europe/Berlin] PHP Parse error:  Unclosed '{' on line 18 in /home/webpages/lima-city/ggruen71/html/api/get_options.php on line 97
[15-Oct-2025 22:07:26 Europe/Berlin] PHP Parse error:  Unclosed '{' on line 18 in /home/webpages/lima-city/ggruen71/html/api/get_options.php on line 97
[15-Oct-2025 22:07:26 Europe/Berlin] PHP Parse error:  Unclosed '{' on line 18 in /home/webpages/lima-city/ggruen71/html/api/get_options.php on line 97
[15-Oct-2025 22:07:26 Europe/Berlin] PHP Parse error:  Unclosed '{' on line 18 in /home/webpages/lima-city/ggruen71/html/api/get_options.php on line 97
[15-Oct-2025 22:07:26 Europe/Berlin] PHP Parse error:  Unclosed '{' on line 18 in /home/webpages/lima-city/ggruen71/html/api/get_options.php on line 97
[15-Oct-2025 22:07:26 Europe/Berlin] PHP Parse error:  Unclosed '{' on line 18 in /home/webpages/lima-city/ggruen71/html/api/get_options.php on line 97
[15-Oct-2025 22:07:26 Europe/Berlin] PHP Parse error:  Unclosed '{' on line 18 in /home/webpages/lima-city/ggruen71/html/api/get_options.php on line 97
[15-Oct-2025 22:07:52 Europe/Berlin] PHP Fatal error:  Cannot use try without catch or finally in /home/webpages/lima-city/ggruen71/html/api/get_options.php on line 85
[15-Oct-2025 22:07:52 Europe/Berlin] PHP Fatal error:  Cannot use try without catch or finally in /home/webpages/lima-city/ggruen71/html/api/get_options.php on line 85
[15-Oct-2025 22:07:52 Europe/Berlin] PHP Fatal error:  Cannot use try without catch or finally in /home/webpages/lima-city/ggruen71/html/api/get_options.php on line 85
[15-Oct-2025 22:07:52 Europe/Berlin] PHP Fatal error:  Cannot use try without catch or finally in /home/webpages/lima-city/ggruen71/html/api/get_options.php on line 85
[15-Oct-2025 22:07:52 Europe/Berlin] PHP Fatal error:  Cannot use try without catch or finally in /home/webpages/lima-city/ggruen71/html/api/get_options.php on line 85
[15-Oct-2025 22:07:52 Europe/Berlin] PHP Fatal error:  Cannot use try without catch or finally in /home/webpages/lima-city/ggruen71/html/api/get_options.php on line 85
[15-Oct-2025 22:07:52 Europe/Berlin] PHP Fatal error:  Cannot use try without catch or finally in /home/webpages/lima-city/ggruen71/html/api/get_options.php on line 85
[15-Oct-2025 22:07:52 Europe/Berlin] PHP Fatal error:  Cannot use try without catch or finally in /home/webpages/lima-city/ggruen71/html/api/get_options.php on line 85
[15-Oct-2025 22:07:52 Europe/Berlin] PHP Fatal error:  Cannot use try without catch or finally in /home/webpages/lima-city/ggruen71/html/api/get_options.php on line 85
[15-Oct-2025 22:07:52 Europe/Berlin] PHP Fatal error:  Cannot use try without catch or finally in /home/webpages/lima-city/ggruen71/html/api/get_options.php on line 85
[15-Oct-2025 22:07:52 Europe/Berlin] PHP Fatal error:  Cannot use try without catch or finally in /home/webpages/lima-city/ggruen71/html/api/get_options.php on line 85
[15-Oct-2025 22:07:52 Europe/Berlin] PHP Fatal error:  Cannot use try without catch or finally in /home/webpages/lima-city/ggruen71/html/api/get_options.php on line 85
[15-Oct-2025 22:07:52 Europe/Berlin] PHP Fatal error:  Cannot use try without catch or finally in /home/webpages/lima-city/ggruen71/html/api/get_options.php on line 85
[15-Oct-2025 22:07:52 Europe/Berlin] PHP Fatal error:  Cannot use try without catch or finally in /home/webpages/lima-city/ggruen71/html/api/get_options.php on line 85
[15-Oct-2025 22:07:52 Europe/Berlin] PHP Fatal error:  Cannot use try without catch or finally in /home/webpages/lima-city/ggruen71/html/api/get_options.php on line 85
[15-Oct-2025 22:07:52 Europe/Berlin] PHP Fatal error:  Cannot use try without catch or finally in /home/webpages/lima-city/ggruen71/html/api/get_options.php on line 85
[15-Oct-2025 22:09:04 Europe/Berlin] PHP Parse error:  Unclosed '{' on line 18 in /home/webpages/lima-city/ggruen71/html/api/get_options.php on line 103
[15-Oct-2025 22:09:04 Europe/Berlin] PHP Parse error:  Unclosed '{' on line 18 in /home/webpages/lima-city/ggruen71/html/api/get_options.php on line 103
[15-Oct-2025 22:09:04 Europe/Berlin] PHP Parse error:  Unclosed '{' on line 18 in /home/webpages/lima-city/ggruen71/html/api/get_options.php on line 103
[15-Oct-2025 22:09:04 Europe/Berlin] PHP Parse error:  Unclosed '{' on line 18 in /home/webpages/lima-city/ggruen71/html/api/get_options.php on line 103
[15-Oct-2025 22:09:04 Europe/Berlin] PHP Parse error:  Unclosed '{' on line 18 in /home/webpages/lima-city/ggruen71/html/api/get_options.php on line 103
[15-Oct-2025 22:09:04 Europe/Berlin] PHP Parse error:  Unclosed '{' on line 18 in /home/webpages/lima-city/ggruen71/html/api/get_options.php on line 103
[15-Oct-2025 22:09:04 Europe/Berlin] PHP Parse error:  Unclosed '{' on line 18 in /home/webpages/lima-city/ggruen71/html/api/get_options.php on line 103
[15-Oct-2025 22:09:04 Europe/Berlin] PHP Parse error:  Unclosed '{' on line 18 in /home/webpages/lima-city/ggruen71/html/api/get_options.php on line 103
[15-Oct-2025 22:09:04 Europe/Berlin] PHP Parse error:  Unclosed '{' on line 18 in /home/webpages/lima-city/ggruen71/html/api/get_options.php on line 103
[15-Oct-2025 22:09:04 Europe/Berlin] PHP Parse error:  Unclosed '{' on line 18 in /home/webpages/lima-city/ggruen71/html/api/get_options.php on line 103
[15-Oct-2025 22:09:04 Europe/Berlin] PHP Parse error:  Unclosed '{' on line 18 in /home/webpages/lima-city/ggruen71/html/api/get_options.php on line 103
[15-Oct-2025 22:09:04 Europe/Berlin] PHP Parse error:  Unclosed '{' on line 18 in /home/webpages/lima-city/ggruen71/html/api/get_options.php on line 103
[15-Oct-2025 22:09:04 Europe/Berlin] PHP Parse error:  Unclosed '{' on line 18 in /home/webpages/lima-city/ggruen71/html/api/get_options.php on line 103
[15-Oct-2025 22:09:04 Europe/Berlin] PHP Parse error:  Unclosed '{' on line 18 in /home/webpages/lima-city/ggruen71/html/api/get_options.php on line 103
[15-Oct-2025 22:09:04 Europe/Berlin] PHP Parse error:  Unclosed '{' on line 18 in /home/webpages/lima-city/ggruen71/html/api/get_options.php on line 103
[15-Oct-2025 22:09:04 Europe/Berlin] PHP Parse error:  Unclosed '{' on line 18 in /home/webpages/lima-city/ggruen71/html/api/get_options.php on line 103
[15-Oct-2025 22:10:21 Europe/Berlin] PHP Parse error:  Unclosed '{' on line 18 in /home/webpages/lima-city/ggruen71/html/api/get_options.php on line 103
[15-Oct-2025 22:10:55 Europe/Berlin] PHP Fatal error:  Cannot use try without catch or finally in /home/webpages/lima-city/ggruen71/html/api/get_options.php on line 18
[15-Oct-2025 22:21:54 Europe/Berlin] PHP Parse error:  Unclosed '{' on line 22 in /home/webpages/lima-city/ggruen71/html/api/get_options.php on line 94
[15-Oct-2025 22:21:54 Europe/Berlin] PHP Parse error:  Unclosed '{' on line 22 in /home/webpages/lima-city/ggruen71/html/api/get_options.php on line 94
[15-Oct-2025 22:21:54 Europe/Berlin] PHP Parse error:  Unclosed '{' on line 22 in /home/webpages/lima-city/ggruen71/html/api/get_options.php on line 94
[15-Oct-2025 22:21:54 Europe/Berlin] PHP Parse error:  Unclosed '{' on line 22 in /home/webpages/lima-city/ggruen71/html/api/get_options.php on line 94
[15-Oct-2025 22:21:54 Europe/Berlin] PHP Parse error:  Unclosed '{' on line 22 in /home/webpages/lima-city/ggruen71/html/api/get_options.php on line 94
[15-Oct-2025 22:21:54 Europe/Berlin] PHP Parse error:  Unclosed '{' on line 22 in /home/webpages/lima-city/ggruen71/html/api/get_options.php on line 94
[15-Oct-2025 22:21:54 Europe/Berlin] PHP Parse error:  Unclosed '{' on line 22 in /home/webpages/lima-city/ggruen71/html/api/get_options.php on line 94
[15-Oct-2025 22:21:54 Europe/Berlin] PHP Parse error:  Unclosed '{' on line 22 in /home/webpages/lima-city/ggruen71/html/api/get_options.php on line 94
[15-Oct-2025 22:21:54 Europe/Berlin] PHP Parse error:  Unclosed '{' on line 22 in /home/webpages/lima-city/ggruen71/html/api/get_options.php on line 94
[15-Oct-2025 22:21:54 Europe/Berlin] PHP Parse error:  Unclosed '{' on line 22 in /home/webpages/lima-city/ggruen71/html/api/get_options.php on line 94
[15-Oct-2025 22:21:54 Europe/Berlin] PHP Parse error:  Unclosed '{' on line 22 in /home/webpages/lima-city/ggruen71/html/api/get_options.php on line 94
[15-Oct-2025 22:21:54 Europe/Berlin] PHP Parse error:  Unclosed '{' on line 22 in /home/webpages/lima-city/ggruen71/html/api/get_options.php on line 94
[15-Oct-2025 22:21:54 Europe/Berlin] PHP Parse error:  Unclosed '{' on line 22 in /home/webpages/lima-city/ggruen71/html/api/get_options.php on line 94
[15-Oct-2025 22:21:54 Europe/Berlin] PHP Parse error:  Unclosed '{' on line 22 in /home/webpages/lima-city/ggruen71/html/api/get_options.php on line 94
[15-Oct-2025 22:21:54 Europe/Berlin] PHP Parse error:  Unclosed '{' on line 22 in /home/webpages/lima-city/ggruen71/html/api/get_options.php on line 94
[15-Oct-2025 22:21:54 Europe/Berlin] PHP Parse error:  Unclosed '{' on line 22 in /home/webpages/lima-city/ggruen71/html/api/get_options.php on line 94
[15-Oct-2025 22:23:04 Europe/Berlin] PHP Parse error:  Unclosed '{' on line 22 in /home/webpages/lima-city/ggruen71/html/api/get_options.php on line 101
[15-Oct-2025 22:23:04 Europe/Berlin] PHP Parse error:  Unclosed '{' on line 22 in /home/webpages/lima-city/ggruen71/html/api/get_options.php on line 101
[15-Oct-2025 22:23:04 Europe/Berlin] PHP Parse error:  Unclosed '{' on line 22 in /home/webpages/lima-city/ggruen71/html/api/get_options.php on line 101
[15-Oct-2025 22:23:04 Europe/Berlin] PHP Parse error:  Unclosed '{' on line 22 in /home/webpages/lima-city/ggruen71/html/api/get_options.php on line 101
[15-Oct-2025 22:23:04 Europe/Berlin] PHP Parse error:  Unclosed '{' on line 22 in /home/webpages/lima-city/ggruen71/html/api/get_options.php on line 101
[15-Oct-2025 22:23:04 Europe/Berlin] PHP Parse error:  Unclosed '{' on line 22 in /home/webpages/lima-city/ggruen71/html/api/get_options.php on line 101
[15-Oct-2025 22:23:04 Europe/Berlin] PHP Parse error:  Unclosed '{' on line 22 in /home/webpages/lima-city/ggruen71/html/api/get_options.php on line 101
[15-Oct-2025 22:23:04 Europe/Berlin] PHP Parse error:  Unclosed '{' on line 22 in /home/webpages/lima-city/ggruen71/html/api/get_options.php on line 101
[15-Oct-2025 22:23:04 Europe/Berlin] PHP Parse error:  Unclosed '{' on line 22 in /home/webpages/lima-city/ggruen71/html/api/get_options.php on line 101
[15-Oct-2025 22:23:04 Europe/Berlin] PHP Parse error:  Unclosed '{' on line 22 in /home/webpages/lima-city/ggruen71/html/api/get_options.php on line 101
[15-Oct-2025 22:23:04 Europe/Berlin] PHP Parse error:  Unclosed '{' on line 22 in /home/webpages/lima-city/ggruen71/html/api/get_options.php on line 101
[15-Oct-2025 22:23:04 Europe/Berlin] PHP Parse error:  Unclosed '{' on line 22 in /home/webpages/lima-city/ggruen71/html/api/get_options.php on line 101
[15-Oct-2025 22:23:04 Europe/Berlin] PHP Parse error:  Unclosed '{' on line 22 in /home/webpages/lima-city/ggruen71/html/api/get_options.php on line 101
[15-Oct-2025 22:23:04 Europe/Berlin] PHP Parse error:  Unclosed '{' on line 22 in /home/webpages/lima-city/ggruen71/html/api/get_options.php on line 101
[15-Oct-2025 22:23:04 Europe/Berlin] PHP Parse error:  Unclosed '{' on line 22 in /home/webpages/lima-city/ggruen71/html/api/get_options.php on line 101
[15-Oct-2025 22:23:04 Europe/Berlin] PHP Parse error:  Unclosed '{' on line 22 in /home/webpages/lima-city/ggruen71/html/api/get_options.php on line 101
